<?xml version="1.0" encoding="UTF-8"?>
<testsuite name="com.example.transactional_at_jpa.TestCode" tests="1" skipped="0" failures="0" errors="0" timestamp="2023-12-15T14:25:09" hostname="Sanui-MacBookPro.local" time="0.432">
  <properties/>
  <testcase name="택배 등록 실패 이벤트가 발생하면, 주문의 택배 등록 상태가 실패로 변경된다." classname="com.example.transactional_at_jpa.TestCode" time="0.432"/>
  <system-out><![CDATA[23:25:07.723 [Test worker] INFO org.springframework.test.context.support.AnnotationConfigContextLoaderUtils -- Could not detect default configuration classes for test class [com.example.transactional_at_jpa.TestCode]: TestCode does not declare any static, non-private, non-final, nested classes annotated with @Configuration.
23:25:07.775 [Test worker] INFO org.springframework.boot.test.context.SpringBootTestContextBootstrapper -- Found @SpringBootConfiguration com.example.transactional_at_jpa.SpringBootApplication for test class com.example.transactional_at_jpa.TestCode

  .   ____          _            __ _ _
 /\\ / ___'_ __ _ _(_)_ __  __ _ \ \ \ \
( ( )\___ | '_ | '_| | '_ \/ _` | \ \ \ \
 \\/  ___)| |_)| | | | | || (_| |  ) ) ) )
  '  |____| .__|_| |_|_| |_\__, | / / / /
 =========|_|==============|___/=/_/_/_/
 :: Spring Boot ::                (v3.2.0)

2023-12-15T23:25:07.941+09:00  INFO 94926 --- [    Test worker] c.example.transactional_at_jpa.TestCode  : Starting TestCode using Java 20.0.1 with PID 94926 (started by san in /Users/san/papyrus/code/transactional_at_jpa)
2023-12-15T23:25:07.942+09:00  INFO 94926 --- [    Test worker] c.example.transactional_at_jpa.TestCode  : No active profile set, falling back to 1 default profile: "default"
2023-12-15T23:25:08.228+09:00  INFO 94926 --- [    Test worker] .s.d.r.c.RepositoryConfigurationDelegate : Bootstrapping Spring Data JPA repositories in DEFAULT mode.
2023-12-15T23:25:08.252+09:00  INFO 94926 --- [    Test worker] .s.d.r.c.RepositoryConfigurationDelegate : Finished Spring Data repository scanning in 20 ms. Found 1 JPA repository interface.
2023-12-15T23:25:08.432+09:00  INFO 94926 --- [    Test worker] com.zaxxer.hikari.HikariDataSource       : HikariPool-1 - Starting...
2023-12-15T23:25:08.523+09:00  INFO 94926 --- [    Test worker] com.zaxxer.hikari.pool.HikariPool        : HikariPool-1 - Added connection conn0: url=jdbc:h2:mem:dc89e390-2076-4475-9796-a767ea1c336f user=SA
2023-12-15T23:25:08.523+09:00  INFO 94926 --- [    Test worker] com.zaxxer.hikari.HikariDataSource       : HikariPool-1 - Start completed.
2023-12-15T23:25:08.552+09:00  INFO 94926 --- [    Test worker] o.hibernate.jpa.internal.util.LogHelper  : HHH000204: Processing PersistenceUnitInfo [name: default]
2023-12-15T23:25:08.581+09:00  INFO 94926 --- [    Test worker] org.hibernate.Version                    : HHH000412: Hibernate ORM core version 6.3.1.Final
2023-12-15T23:25:08.603+09:00  INFO 94926 --- [    Test worker] o.h.c.internal.RegionFactoryInitiator    : HHH000026: Second-level cache disabled
2023-12-15T23:25:08.716+09:00  INFO 94926 --- [    Test worker] o.s.o.j.p.SpringPersistenceUnitInfo      : No LoadTimeWeaver setup: ignoring JPA class transformer
2023-12-15T23:25:09.080+09:00  INFO 94926 --- [    Test worker] o.h.e.t.j.p.i.JtaPlatformInitiator       : HHH000489: No JTA platform available (set 'hibernate.transaction.jta.platform' to enable JTA platform integration)
2023-12-15T23:25:09.096+09:00  INFO 94926 --- [    Test worker] j.LocalContainerEntityManagerFactoryBean : Initialized JPA EntityManagerFactory for persistence unit 'default'
2023-12-15T23:25:09.440+09:00  WARN 94926 --- [    Test worker] JpaBaseConfiguration$JpaWebConfiguration : spring.jpa.open-in-view is enabled by default. Therefore, database queries may be performed during view rendering. Explicitly configure spring.jpa.open-in-view to disable this warning
2023-12-15T23:25:09.606+09:00  INFO 94926 --- [    Test worker] c.example.transactional_at_jpa.TestCode  : Started TestCode in 1.759 seconds (process running for 2.393)
]]></system-out>
  <system-err><![CDATA[]]></system-err>
</testsuite>
